<?xml version="1.0" encoding="UTF-8"?>
<!-- Generated by org.testng.reporters.JUnitXMLReporter -->
<testsuite hostname="MSI" ignored="0" name="Test" tests="3" failures="0" timestamp="2021-12-06T12:26:50 IST" time="30.686" errors="0">
  <testcase name="homePageTesting" time="25.804" classname="com.testcase.TestCases"/>
  <testcase name="searchResult" time="0.285" classname="com.testcase.TestCases"/>
  <testcase name="order" time="4.531" classname="com.testcase.TestCases"/>
</testsuite> <!-- Test -->
