<?xml version="1.0" encoding="UTF-8"?>
<testng-results skipped="0" failed="0" ignored="0" total="3" passed="3">
  <reporter-output>
    <line>
      <![CDATA[Home Page started..]]>
    </line>
    <line>
      <![CDATA[Home Page Ended..]]>
    </line>
    <line>
      <![CDATA[Search Result started..]]>
    </line>
    <line>
      <![CDATA[Search Result Ended..]]>
    </line>
    <line>
      <![CDATA[Order Page started..]]>
    </line>
    <line>
      <![CDATA[Order Page Ended..]]>
    </line>
  </reporter-output>
  <suite name="Suite" duration-ms="30686" started-at="2021-12-06T12:26:19 IST" finished-at="2021-12-06T12:26:50 IST">
    <groups>
    </groups>
    <test name="Test" duration-ms="30686" started-at="2021-12-06T12:26:19 IST" finished-at="2021-12-06T12:26:50 IST">
      <class name="com.testcase.TestCases">
        <test-method status="PASS" signature="homePageTesting()[pri:0, instance:com.testcase.TestCases@11d0846]" name="homePageTesting" duration-ms="25804" started-at="2021-12-06T12:26:19 IST" finished-at="2021-12-06T12:26:45 IST">
          <reporter-output>
            <line>
              <![CDATA[Home Page started..]]>
            </line>
            <line>
              <![CDATA[Home Page Ended..]]>
            </line>
          </reporter-output>
        </test-method> <!-- homePageTesting -->
        <test-method status="PASS" signature="searchResult()[pri:1, instance:com.testcase.TestCases@11d0846]" name="searchResult" duration-ms="285" started-at="2021-12-06T12:26:45 IST" finished-at="2021-12-06T12:26:46 IST">
          <reporter-output>
            <line>
              <![CDATA[Search Result started..]]>
            </line>
            <line>
              <![CDATA[Search Result Ended..]]>
            </line>
          </reporter-output>
        </test-method> <!-- searchResult -->
        <test-method status="PASS" signature="order()[pri:2, instance:com.testcase.TestCases@11d0846]" name="order" duration-ms="4531" started-at="2021-12-06T12:26:46 IST" finished-at="2021-12-06T12:26:50 IST">
          <reporter-output>
            <line>
              <![CDATA[Order Page started..]]>
            </line>
            <line>
              <![CDATA[Order Page Ended..]]>
            </line>
          </reporter-output>
        </test-method> <!-- order -->
        <test-method status="PASS" signature="tearDown()[pri:0, instance:com.testcase.TestCases@11d0846]" name="tearDown" is-config="true" duration-ms="908" started-at="2021-12-06T12:26:50 IST" finished-at="2021-12-06T12:26:51 IST">
          <reporter-output>
          </reporter-output>
        </test-method> <!-- tearDown -->
      </class> <!-- com.testcase.TestCases -->
    </test> <!-- Test -->
  </suite> <!-- Suite -->
</testng-results>
